2026-03-20T22:41:44.851702+00:00 START origin=https://en.wikipedia.org/wiki/Main_Page depth=1
2026-03-20T22:41:45.878890+00:00 FETCH_START depth=0 url=https://en.wikipedia.org/wiki/Main_Page
2026-03-20T22:41:48.796612+00:00 INDEX words_unique=997 links_found=641 url=https://en.wikipedia.org/wiki/Main_Page
2026-03-20T22:41:48.800298+00:00 THROTTLED queue_capacity=50 url=https://en.wikipedia.org/wiki/English_language
2026-03-20T22:41:49.808077+00:00 FETCH_START depth=1 url=https://en.wikipedia.org/wiki/Wikipedia:Contents
2026-03-20T22:41:50.675416+00:00 INDEX words_unique=360 links_found=195 url=https://en.wikipedia.org/wiki/Wikipedia:Contents
2026-03-20T22:41:51.683288+00:00 FETCH_START depth=1 url=https://en.wikipedia.org/wiki/Portal:Current_events
2026-03-20T22:41:55.531667+00:00 INDEX words_unique=2325 links_found=1750 url=https://en.wikipedia.org/wiki/Portal:Current_events
2026-03-20T22:41:56.540198+00:00 FETCH_START depth=1 url=https://en.wikipedia.org/wiki/Special:Random
2026-03-20T22:41:58.307031+00:00 INDEX words_unique=486 links_found=273 url=https://en.wikipedia.org/wiki/Special:Random
2026-03-20T22:41:59.314256+00:00 FETCH_START depth=1 url=https://en.wikipedia.org/wiki/Wikipedia:About
2026-03-20T22:42:00.394085+00:00 INDEX words_unique=612 links_found=398 url=https://en.wikipedia.org/wiki/Wikipedia:About
2026-03-20T22:42:01.401693+00:00 FETCH_START depth=1 url=https://en.wikipedia.org/wiki/Wikipedia:Contact_us
2026-03-20T22:42:02.144057+00:00 INDEX words_unique=338 links_found=147 url=https://en.wikipedia.org/wiki/Wikipedia:Contact_us
2026-03-20T22:42:03.151824+00:00 FETCH_START depth=1 url=https://en.wikipedia.org/wiki/Help:Contents
2026-03-20T22:42:04.412273+00:00 INDEX words_unique=709 links_found=451 url=https://en.wikipedia.org/wiki/Help:Contents
2026-03-20T22:42:05.420481+00:00 FETCH_START depth=1 url=https://en.wikipedia.org/wiki/Help:Introduction
2026-03-20T22:42:06.218210+00:00 INDEX words_unique=317 links_found=200 url=https://en.wikipedia.org/wiki/Help:Introduction
2026-03-20T22:42:07.226377+00:00 FETCH_START depth=1 url=https://en.wikipedia.org/wiki/Wikipedia:Community_portal
2026-03-20T22:42:10.925944+00:00 INDEX words_unique=2829 links_found=2232 url=https://en.wikipedia.org/wiki/Wikipedia:Community_portal
2026-03-20T22:42:11.934509+00:00 FETCH_START depth=1 url=https://en.wikipedia.org/wiki/Special:RecentChanges
2026-03-20T22:42:14.262692+00:00 INDEX words_unique=776 links_found=338 url=https://en.wikipedia.org/wiki/Special:RecentChanges
2026-03-20T22:42:14.267939+00:00 COMPLETE processed=10
